<?xml version="1.0" encoding="UTF-8"?>
<!-- Generated by org.testng.reporters.JUnitXMLReporter -->
<testsuite hostname="GCRPLW0088" ignored="1" name="NegativeTest" tests="1" failures="0" timestamp="05 Dec 2018 20:36:37 GMT" time="30.125" errors="0">
  <testcase name="IncorrectUserNameTest" time="29.602" classname="com.herokuapp.theinternet.NegativeTests"/>
  <testcase name="NegativePasswordTest" time="0.0" classname="com.herokuapp.theinternet.NegativeTests">
    <ignored/>
  </testcase> <!-- NegativePasswordTest -->
</testsuite> <!-- NegativeTest -->
