<?xml version="1.0" encoding="UTF-8"?>
<!-- Generated by org.testng.reporters.JUnitXMLReporter -->
<testsuite hostname="GCRPLW0088" ignored="0" name="NegativeTest" tests="2" failures="0" timestamp="23 Nov 2018 02:41:58 GMT" time="38.203" errors="0">
  <testcase name="IncorrectUserNameTest" time="18.805" classname="com.herokuapp.theinternet.NegativeTests"/>
  <testcase name="NegativePasswordTest" time="19.372" classname="com.herokuapp.theinternet.NegativeTests"/>
</testsuite> <!-- NegativeTest -->
