<?xml version="1.0" encoding="UTF-8"?>
<testng-results ignored="2" total="2" passed="0" failed="0" skipped="0">
  <reporter-output>
  </reporter-output>
  <suite started-at="2019-01-15T02:32:51Z" name="NegativeTestSuite" finished-at="2019-01-15T02:32:51Z" duration-ms="2">
    <groups>
    </groups>
    <test started-at="2019-01-15T02:32:51Z" name="NegativeTest" finished-at="2019-01-15T02:32:51Z" duration-ms="2">
    </test> <!-- NegativeTest -->
  </suite> <!-- NegativeTestSuite -->
</testng-results>
