<?xml version="1.0" encoding="UTF-8"?>
<!-- Generated by org.testng.reporters.JUnitXMLReporter -->
<testsuite ignored="2" hostname="Kattias-MacBook-Pro.local" failures="0" tests="0" time="0.002" errors="0" timestamp="15 Jan 2019 02:32:52 GMT">
  <testcase classname="com.herokuapp.theinternet.NegativeTests" name="IncorrectUserNameTest" time="0.0">
    <ignored/>
  </testcase> <!-- IncorrectUserNameTest -->
  <testcase classname="com.herokuapp.theinternet.NegativeTests" name="NegativePasswordTest" time="0.0">
    <ignored/>
  </testcase> <!-- NegativePasswordTest -->
</testsuite>
